WARNING:root:Create
WARNING:root:Введите количество боченков: 
WARNING:root:Create
WARNING:root:Введите количество боченков: 
WARNING:root:Введено не число, попробуйте снова.
WARNING:root:Create
WARNING:root:Введите количество боченков: 
WARNING:root:Введено не число, попробуйте снова.
WARNING:root:Create
WARNING:root:Введите количество боченков: 
WARNING:root:Create
WARNING:root:Введите количество боченков: 
WARNING:root:Введено не число, попробуйте снова.
WARNING:root:Create
WARNING:root:Введите количество боченков: 
WARNING:root:Create
WARNING:root:Введите количество боченков: 
WARNING:root:Введено не число, попробуйте снова.
WARNING:root:Create
WARNING:root:Введите количество боченков: 
WARNING:root:Введено не число, попробуйте снова.
WARNING:root:Create
WARNING:root:Введите количество боченков: 
WARNING:root:Create
WARNING:root:Введите количество боченков: 
WARNING:root:Create
WARNING:root:Введите количество боченков: 
WARNING:root:Create
WARNING:root:Введите количество боченков: 
WARNING:root:Create
WARNING:root:Введите количество боченков: 
WARNING:root:Create
WARNING:root:Введите количество боченков: 
WARNING:root:Create
WARNING:root:Введите количество боченков: 
WARNING:root:Create
WARNING:root:Введите количество боченков: 
WARNING:root:Create
WARNING:root:Введите количество боченков: 
WARNING:root:Create
WARNING:root:Введите количество боченков: 
WARNING:root:Create
WARNING:root:Введите количество боченков: 
WARNING:root:Create
WARNING:root:Введите количество боченков: 
WARNING:root:Create
WARNING:root:Введите количество боченков: 
WARNING:root:Create
WARNING:root:Введите количество боченков: 
WARNING:root:Create
WARNING:root:Введите количество боченков: 
WARNING:root:Create
WARNING:root:Введите количество боченков: 
WARNING:root:Create
WARNING:root:Введите количество боченков: 
WARNING:root:Create
WARNING:root:Введите количество боченков: 
WARNING:root:Create
WARNING:root:Введите количество боченков: 
WARNING:root:Create
WARNING:root:Введите количество боченков: 
WARNING:root:Create
WARNING:root:Введите количество боченков: 
WARNING:root:Create
WARNING:root:Введите количество боченков: 
WARNING:root:Create
WARNING:root:Введите количество боченков: 
WARNING:root:Create
WARNING:root:Введите количество боченков: 
WARNING:root:Create
WARNING:root:Введите количество боченков: 
WARNING:root:Create
WARNING:root:Введите количество боченков: 
WARNING:root:Create
WARNING:root:Введите количество боченков: 
WARNING:root:Create
WARNING:root:Введите количество боченков: 
WARNING:root:Create
WARNING:root:Введите количество боченков: 
WARNING:root:Create
WARNING:root:Введите количество боченков: 
WARNING:root:Create
WARNING:root:Введите количество боченков: 
WARNING:root:Create
WARNING:root:Введите количество боченков: 
WARNING:root:Create
WARNING:root:Введите количество боченков: 
WARNING:root:Create
WARNING:root:Введите количество боченков: 
WARNING:root:Create
WARNING:root:Введите количество боченков: 
WARNING:root:Create
WARNING:root:Введите количество боченков: 
WARNING:root:Create
WARNING:root:Введите количество боченков: 
WARNING:root:Create
WARNING:root:Введите количество боченков: 
WARNING:root:Create
WARNING:root:Введите количество боченков: 
WARNING:root:Create
WARNING:root:Введите количество боченков: 
WARNING:root:Create
WARNING:root:Введите количество боченков: 
WARNING:root:Create
WARNING:root:Введите количество боченков: 
WARNING:root:4 2 1 3 5 7 6 
WARNING:root:Create
WARNING:root:Введите количество боченков: 
WARNING:root:Введено не число, попробуйте снова.
WARNING:root:4
WARNING:root:4 2 3 1 
WARNING:root:Start
WARNING:root:Введите количество боченков: 
WARNING:root:Введено не число, попробуйте снова.
WARNING:root:13
WARNING:root:11 8 2 13 6 12 4 10 5 9 7 1 3 
WARNING:root:Start
WARNING:root:Введите количество боченков: 
WARNING:root:25
WARNING:root:5 19 25 22 20 23 11 1 8 4 18 6 13 3 21 14 10 12 7 16 2 24 9 17 15 
WARNING:root:Start
WARNING:root:Введите количество боченков: 
WARNING:root:Введено не число, попробуйте снова.
WARNING:root:3
WARNING:root:3 2 1 
WARNING:root:Start
WARNING:root:Введите количество боченков: 
WARNING:root:Введено не число, попробуйте снова.
WARNING:root:Введено не число, попробуйте снова.
WARNING:root:Введено не число, попробуйте снова.
WARNING:root:7
WARNING:root:3 5 6 7 1 4 2 
WARNING:root:Start
WARNING:root:Введите количество боченков: 
WARNING:root:13
WARNING:root:2 12 4 1 9 3 8 6 5 13 11 7 10 
WARNING:root:Start
WARNING:root:Введите количество боченков: 
WARNING:root:25
WARNING:root:2 3 7 1 9 18 14 25 20 11 12 22 24 15 8 21 4 10 16 5 19 6 17 13 23 
